DEB [20161106-01:29:05.959] thr=1   paramiko.transport: starting thread (client mode): 0x4b60c18L
DEB [20161106-01:29:05.960] thr=1   paramiko.transport: Local version/idstring: SSH-2.0-paramiko_2.0.2
DEB [20161106-01:29:06.002] thr=1   paramiko.transport: Remote version/idstring: SSH-2.0-OpenSSH_7.2
INF [20161106-01:29:06.002] thr=1   paramiko.transport: Connected (version 2.0, client OpenSSH_7.2)
DEB [20161106-01:29:06.042] thr=1   paramiko.transport: kex algos:[u'curve25519-sha256@libssh.org', u'ecdh-sha2-nistp256', u'ecdh-sha2-nistp384', u'ecdh-sha2-nistp521', u'diffie-hellman-group-exchange-sha256', u'diffie-hellman-group14-sha1'] server key:[u'ssh-rsa', u'rsa-sha2-512', u'rsa-sha2-256', u'ecdsa-sha2-nistp256', u'ssh-ed25519'] client encrypt:[u'chacha20-poly1305@openssh.com', u'aes128-ctr', u'aes192-ctr', u'aes256-ctr', u'aes128-gcm@openssh.com', u'aes256-gcm@openssh.com'] server encrypt:[u'chacha20-poly1305@openssh.com', u'aes128-ctr', u'aes192-ctr', u'aes256-ctr', u'aes128-gcm@openssh.com', u'aes256-gcm@openssh.com'] client mac:[u'umac-64-etm@openssh.com', u'umac-128-etm@openssh.com', u'hmac-sha2-256-etm@openssh.com', u'hmac-sha2-512-etm@openssh.com', u'hmac-sha1-etm@openssh.com', u'umac-64@openssh.com', u'umac-128@openssh.com', u'hmac-sha2-256', u'hmac-sha2-512', u'hmac-sha1'] server mac:[u'umac-64-etm@openssh.com', u'umac-128-etm@openssh.com', u'hmac-sha2-256-etm@openssh.com', u'hmac-sha2-512-etm@openssh.com', u'hmac-sha1-etm@openssh.com', u'umac-64@openssh.com', u'umac-128@openssh.com', u'hmac-sha2-256', u'hmac-sha2-512', u'hmac-sha1'] client compress:[u'none', u'zlib@openssh.com'] server compress:[u'none', u'zlib@openssh.com'] client lang:[u''] server lang:[u''] kex follows?False
DEB [20161106-01:29:06.043] thr=1   paramiko.transport: Kex agreed: diffie-hellman-group14-sha1
DEB [20161106-01:29:06.043] thr=1   paramiko.transport: Cipher agreed: aes128-ctr
DEB [20161106-01:29:06.043] thr=1   paramiko.transport: MAC agreed: hmac-sha2-256
DEB [20161106-01:29:06.043] thr=1   paramiko.transport: Compression agreed: none
DEB [20161106-01:29:06.128] thr=1   paramiko.transport: kex engine KexGroup14 specified hash_algo <built-in function openssl_sha1>
DEB [20161106-01:29:06.130] thr=1   paramiko.transport: Switch to new keys ...
DEB [20161106-01:29:06.164] thr=2   paramiko.transport: Trying discovered key 97c35464b11a6c6041f60536a6207aca in C:\Users\Administrator/.ssh/id_rsa
DEB [20161106-01:29:06.244] thr=1   paramiko.transport: userauth is OK
INF [20161106-01:29:06.289] thr=1   paramiko.transport: Auth banner: Welcome to SUSE Linux Enterprise Server 11 SP3  (x86_64) - Kernel %r (%t).

INF [20161106-01:29:06.290] thr=1   paramiko.transport: Authentication (publickey) failed.
DEB [20161106-01:29:06.341] thr=1   paramiko.transport: userauth is OK
INF [20161106-01:29:06.381] thr=1   paramiko.transport: Authentication (password) successful!
DEB [20161106-01:29:06.401] thr=2   paramiko.transport: [chan 0] Max packet in: 32768 bytes
DEB [20161106-01:29:06.441] thr=1   paramiko.transport: Received global request "hostkeys-00@openssh.com"
DEB [20161106-01:29:06.441] thr=1   paramiko.transport: Rejecting "hostkeys-00@openssh.com" global request from server.
DEB [20161106-01:29:06.499] thr=1   paramiko.transport: [chan 0] Max packet out: 32768 bytes
DEB [20161106-01:29:06.500] thr=1   paramiko.transport: Secsh channel 0 opened.
DEB [20161106-01:29:06.543] thr=1   paramiko.transport: [chan 0] Sesch channel 0 request ok
DEB [20161106-01:29:06.582] thr=1   paramiko.transport: [chan 0] EOF received (0)
DEB [20161106-01:29:06.625] thr=3   paramiko.transport: starting thread (client mode): 0x4b8e978L
DEB [20161106-01:29:06.625] thr=3   paramiko.transport: Local version/idstring: SSH-2.0-paramiko_2.0.2
DEB [20161106-01:29:06.664] thr=3   paramiko.transport: Remote version/idstring: SSH-2.0-OpenSSH_7.2
INF [20161106-01:29:06.664] thr=3   paramiko.transport: Connected (version 2.0, client OpenSSH_7.2)
DEB [20161106-01:29:06.698] thr=3   paramiko.transport: kex algos:[u'curve25519-sha256@libssh.org', u'ecdh-sha2-nistp256', u'ecdh-sha2-nistp384', u'ecdh-sha2-nistp521', u'diffie-hellman-group-exchange-sha256', u'diffie-hellman-group14-sha1'] server key:[u'ssh-rsa', u'rsa-sha2-512', u'rsa-sha2-256', u'ecdsa-sha2-nistp256', u'ssh-ed25519'] client encrypt:[u'chacha20-poly1305@openssh.com', u'aes128-ctr', u'aes192-ctr', u'aes256-ctr', u'aes128-gcm@openssh.com', u'aes256-gcm@openssh.com'] server encrypt:[u'chacha20-poly1305@openssh.com', u'aes128-ctr', u'aes192-ctr', u'aes256-ctr', u'aes128-gcm@openssh.com', u'aes256-gcm@openssh.com'] client mac:[u'umac-64-etm@openssh.com', u'umac-128-etm@openssh.com', u'hmac-sha2-256-etm@openssh.com', u'hmac-sha2-512-etm@openssh.com', u'hmac-sha1-etm@openssh.com', u'umac-64@openssh.com', u'umac-128@openssh.com', u'hmac-sha2-256', u'hmac-sha2-512', u'hmac-sha1'] server mac:[u'umac-64-etm@openssh.com', u'umac-128-etm@openssh.com', u'hmac-sha2-256-etm@openssh.com', u'hmac-sha2-512-etm@openssh.com', u'hmac-sha1-etm@openssh.com', u'umac-64@openssh.com', u'umac-128@openssh.com', u'hmac-sha2-256', u'hmac-sha2-512', u'hmac-sha1'] client compress:[u'none', u'zlib@openssh.com'] server compress:[u'none', u'zlib@openssh.com'] client lang:[u''] server lang:[u''] kex follows?False
DEB [20161106-01:29:06.698] thr=3   paramiko.transport: Kex agreed: diffie-hellman-group14-sha1
DEB [20161106-01:29:06.698] thr=3   paramiko.transport: Cipher agreed: aes128-ctr
DEB [20161106-01:29:06.698] thr=3   paramiko.transport: MAC agreed: hmac-sha2-256
DEB [20161106-01:29:06.698] thr=3   paramiko.transport: Compression agreed: none
DEB [20161106-01:29:06.779] thr=3   paramiko.transport: kex engine KexGroup14 specified hash_algo <built-in function openssl_sha1>
DEB [20161106-01:29:06.779] thr=3   paramiko.transport: Switch to new keys ...
DEB [20161106-01:29:06.812] thr=2   paramiko.transport: Trying discovered key 97c35464b11a6c6041f60536a6207aca in C:\Users\Administrator/.ssh/id_rsa
DEB [20161106-01:29:06.888] thr=3   paramiko.transport: userauth is OK
INF [20161106-01:29:06.926] thr=3   paramiko.transport: Authentication (publickey) failed.
DEB [20161106-01:29:06.963] thr=3   paramiko.transport: userauth is OK
INF [20161106-01:29:06.996] thr=3   paramiko.transport: Authentication (password) successful!
DEB [20161106-01:29:06.997] thr=2   paramiko.transport: [chan 0] Max packet in: 32768 bytes
DEB [20161106-01:29:07.030] thr=3   paramiko.transport: Received global request "hostkeys-00@openssh.com"
DEB [20161106-01:29:07.030] thr=3   paramiko.transport: Rejecting "hostkeys-00@openssh.com" global request from server.
DEB [20161106-01:29:07.114] thr=3   paramiko.transport: [chan 0] Max packet out: 32768 bytes
DEB [20161106-01:29:07.114] thr=3   paramiko.transport: Secsh channel 0 opened.
DEB [20161106-01:29:07.150] thr=3   paramiko.transport: [chan 0] Sesch channel 0 request ok
DEB [20161106-01:29:07.230] thr=3   paramiko.transport: [chan 0] EOF received (0)
DEB [20161106-01:29:07.232] thr=3   paramiko.transport: [chan 0] EOF sent (0)
DEB [20161106-01:29:07.334] thr=3   paramiko.transport: EOF in transport thread
