DEB [20161107-19:50:40.167] thr=1   paramiko.transport: starting thread (client mode): 0x3fdbcb0L
DEB [20161107-19:50:40.167] thr=1   paramiko.transport: Local version/idstring: SSH-2.0-paramiko_2.0.2
DEB [20161107-19:50:40.183] thr=1   paramiko.transport: Remote version/idstring: SSH-2.0-OpenSSH_5.3
INF [20161107-19:50:40.183] thr=1   paramiko.transport: Connected (version 2.0, client OpenSSH_5.3)
DEB [20161107-19:50:40.184] thr=1   paramiko.transport: kex algos:[u'diffie-hellman-group-exchange-sha256', u'diffie-hellman-group-exchange-sha1', u'diffie-hellman-group14-sha1', u'diffie-hellman-group1-sha1'] server key:[u'ssh-rsa', u'ssh-dss'] client encrypt:[u'aes128-ctr', u'aes192-ctr', u'aes256-ctr', u'arcfour256', u'arcfour128', u'aes128-cbc', u'3des-cbc', u'blowfish-cbc', u'cast128-cbc', u'aes192-cbc', u'aes256-cbc', u'arcfour', u'rijndael-cbc@lysator.liu.se'] server encrypt:[u'aes128-ctr', u'aes192-ctr', u'aes256-ctr', u'arcfour256', u'arcfour128', u'aes128-cbc', u'3des-cbc', u'blowfish-cbc', u'cast128-cbc', u'aes192-cbc', u'aes256-cbc', u'arcfour', u'rijndael-cbc@lysator.liu.se'] client mac:[u'hmac-md5', u'hmac-sha1', u'umac-64@openssh.com', u'hmac-sha2-256', u'hmac-sha2-512', u'hmac-ripemd160', u'hmac-ripemd160@openssh.com', u'hmac-sha1-96', u'hmac-md5-96'] server mac:[u'hmac-md5', u'hmac-sha1', u'umac-64@openssh.com', u'hmac-sha2-256', u'hmac-sha2-512', u'hmac-ripemd160', u'hmac-ripemd160@openssh.com', u'hmac-sha1-96', u'hmac-md5-96'] client compress:[u'none', u'zlib@openssh.com'] server compress:[u'none', u'zlib@openssh.com'] client lang:[u''] server lang:[u''] kex follows?False
DEB [20161107-19:50:40.184] thr=1   paramiko.transport: Kex agreed: diffie-hellman-group1-sha1
DEB [20161107-19:50:40.184] thr=1   paramiko.transport: Cipher agreed: aes128-ctr
DEB [20161107-19:50:40.184] thr=1   paramiko.transport: MAC agreed: hmac-sha2-256
DEB [20161107-19:50:40.184] thr=1   paramiko.transport: Compression agreed: none
DEB [20161107-19:50:40.229] thr=1   paramiko.transport: kex engine KexGroup1 specified hash_algo <built-in function openssl_sha1>
DEB [20161107-19:50:40.230] thr=1   paramiko.transport: Switch to new keys ...
DEB [20161107-19:50:40.239] thr=2   paramiko.transport: Trying discovered key 6fbf430a2e4c6ea08d46e5184e979c48 in C:\Users\Administrator/.ssh/id_rsa
DEB [20161107-19:50:40.269] thr=1   paramiko.transport: userauth is OK
INF [20161107-19:50:40.278] thr=1   paramiko.transport: Authentication (publickey) failed.
DEB [20161107-19:50:40.302] thr=1   paramiko.transport: userauth is OK
INF [20161107-19:50:40.309] thr=1   paramiko.transport: Authentication (password) successful!
DEB [20161107-19:50:40.316] thr=2   paramiko.transport: [chan 0] Max packet in: 32768 bytes
DEB [20161107-19:50:40.318] thr=1   paramiko.transport: [chan 0] Max packet out: 32768 bytes
DEB [20161107-19:50:40.318] thr=1   paramiko.transport: Secsh channel 0 opened.
DEB [20161107-19:50:40.319] thr=1   paramiko.transport: [chan 0] Sesch channel 0 request ok
DEB [20161107-19:50:40.334] thr=1   paramiko.transport: [chan 0] EOF received (0)
DEB [20161107-19:50:40.335] thr=1   paramiko.transport: [chan 0] EOF sent (0)
DEB [20161107-19:50:40.835] thr=1   paramiko.transport: EOF in transport thread
DEB [20161107-19:50:40.848] thr=3   paramiko.transport: starting thread (client mode): 0x3fefb30L
DEB [20161107-19:50:40.848] thr=3   paramiko.transport: Local version/idstring: SSH-2.0-paramiko_2.0.2
DEB [20161107-19:50:40.864] thr=3   paramiko.transport: Remote version/idstring: SSH-2.0-OpenSSH_5.3
INF [20161107-19:50:40.864] thr=3   paramiko.transport: Connected (version 2.0, client OpenSSH_5.3)
DEB [20161107-19:50:40.865] thr=3   paramiko.transport: kex algos:[u'diffie-hellman-group-exchange-sha256', u'diffie-hellman-group-exchange-sha1', u'diffie-hellman-group14-sha1', u'diffie-hellman-group1-sha1'] server key:[u'ssh-rsa', u'ssh-dss'] client encrypt:[u'aes128-ctr', u'aes192-ctr', u'aes256-ctr', u'arcfour256', u'arcfour128', u'aes128-cbc', u'3des-cbc', u'blowfish-cbc', u'cast128-cbc', u'aes192-cbc', u'aes256-cbc', u'arcfour', u'rijndael-cbc@lysator.liu.se'] server encrypt:[u'aes128-ctr', u'aes192-ctr', u'aes256-ctr', u'arcfour256', u'arcfour128', u'aes128-cbc', u'3des-cbc', u'blowfish-cbc', u'cast128-cbc', u'aes192-cbc', u'aes256-cbc', u'arcfour', u'rijndael-cbc@lysator.liu.se'] client mac:[u'hmac-md5', u'hmac-sha1', u'umac-64@openssh.com', u'hmac-sha2-256', u'hmac-sha2-512', u'hmac-ripemd160', u'hmac-ripemd160@openssh.com', u'hmac-sha1-96', u'hmac-md5-96'] server mac:[u'hmac-md5', u'hmac-sha1', u'umac-64@openssh.com', u'hmac-sha2-256', u'hmac-sha2-512', u'hmac-ripemd160', u'hmac-ripemd160@openssh.com', u'hmac-sha1-96', u'hmac-md5-96'] client compress:[u'none', u'zlib@openssh.com'] server compress:[u'none', u'zlib@openssh.com'] client lang:[u''] server lang:[u''] kex follows?False
DEB [20161107-19:50:40.865] thr=3   paramiko.transport: Kex agreed: diffie-hellman-group1-sha1
DEB [20161107-19:50:40.865] thr=3   paramiko.transport: Cipher agreed: aes128-ctr
DEB [20161107-19:50:40.865] thr=3   paramiko.transport: MAC agreed: hmac-sha2-256
DEB [20161107-19:50:40.865] thr=3   paramiko.transport: Compression agreed: none
DEB [20161107-19:50:40.910] thr=3   paramiko.transport: kex engine KexGroup1 specified hash_algo <built-in function openssl_sha1>
DEB [20161107-19:50:40.910] thr=3   paramiko.transport: Switch to new keys ...
DEB [20161107-19:50:40.917] thr=2   paramiko.transport: Trying discovered key 6fbf430a2e4c6ea08d46e5184e979c48 in C:\Users\Administrator/.ssh/id_rsa
DEB [20161107-19:50:40.950] thr=3   paramiko.transport: userauth is OK
INF [20161107-19:50:40.967] thr=3   paramiko.transport: Authentication (publickey) failed.
DEB [20161107-19:50:40.980] thr=3   paramiko.transport: userauth is OK
INF [20161107-19:50:40.989] thr=3   paramiko.transport: Authentication (password) successful!
DEB [20161107-19:50:40.996] thr=2   paramiko.transport: [chan 0] Max packet in: 32768 bytes
DEB [20161107-19:50:40.996] thr=3   paramiko.transport: [chan 0] Max packet out: 32768 bytes
DEB [20161107-19:50:40.996] thr=3   paramiko.transport: Secsh channel 0 opened.
DEB [20161107-19:50:40.996] thr=3   paramiko.transport: [chan 0] Sesch channel 0 request ok
DEB [20161107-19:50:41.009] thr=3   paramiko.transport: [chan 0] EOF received (0)
DEB [20161107-19:50:41.009] thr=3   paramiko.transport: [chan 0] EOF sent (0)
DEB [20161107-19:50:41.111] thr=3   paramiko.transport: EOF in transport thread
DEB [20161107-19:52:48.285] thr=4   paramiko.transport: starting thread (client mode): 0x3fef750L
DEB [20161107-19:52:48.286] thr=4   paramiko.transport: Local version/idstring: SSH-2.0-paramiko_2.0.2
DEB [20161107-19:52:48.301] thr=4   paramiko.transport: Remote version/idstring: SSH-2.0-OpenSSH_5.3
INF [20161107-19:52:48.301] thr=4   paramiko.transport: Connected (version 2.0, client OpenSSH_5.3)
DEB [20161107-19:52:48.302] thr=4   paramiko.transport: kex algos:[u'diffie-hellman-group-exchange-sha256', u'diffie-hellman-group-exchange-sha1', u'diffie-hellman-group14-sha1', u'diffie-hellman-group1-sha1'] server key:[u'ssh-rsa', u'ssh-dss'] client encrypt:[u'aes128-ctr', u'aes192-ctr', u'aes256-ctr', u'arcfour256', u'arcfour128', u'aes128-cbc', u'3des-cbc', u'blowfish-cbc', u'cast128-cbc', u'aes192-cbc', u'aes256-cbc', u'arcfour', u'rijndael-cbc@lysator.liu.se'] server encrypt:[u'aes128-ctr', u'aes192-ctr', u'aes256-ctr', u'arcfour256', u'arcfour128', u'aes128-cbc', u'3des-cbc', u'blowfish-cbc', u'cast128-cbc', u'aes192-cbc', u'aes256-cbc', u'arcfour', u'rijndael-cbc@lysator.liu.se'] client mac:[u'hmac-md5', u'hmac-sha1', u'umac-64@openssh.com', u'hmac-sha2-256', u'hmac-sha2-512', u'hmac-ripemd160', u'hmac-ripemd160@openssh.com', u'hmac-sha1-96', u'hmac-md5-96'] server mac:[u'hmac-md5', u'hmac-sha1', u'umac-64@openssh.com', u'hmac-sha2-256', u'hmac-sha2-512', u'hmac-ripemd160', u'hmac-ripemd160@openssh.com', u'hmac-sha1-96', u'hmac-md5-96'] client compress:[u'none', u'zlib@openssh.com'] server compress:[u'none', u'zlib@openssh.com'] client lang:[u''] server lang:[u''] kex follows?False
DEB [20161107-19:52:48.302] thr=4   paramiko.transport: Kex agreed: diffie-hellman-group1-sha1
DEB [20161107-19:52:48.302] thr=4   paramiko.transport: Cipher agreed: aes128-ctr
DEB [20161107-19:52:48.302] thr=4   paramiko.transport: MAC agreed: hmac-sha2-256
DEB [20161107-19:52:48.302] thr=4   paramiko.transport: Compression agreed: none
DEB [20161107-19:52:48.345] thr=4   paramiko.transport: kex engine KexGroup1 specified hash_algo <built-in function openssl_sha1>
DEB [20161107-19:52:48.346] thr=4   paramiko.transport: Switch to new keys ...
DEB [20161107-19:52:48.352] thr=5   paramiko.transport: Trying discovered key 6fbf430a2e4c6ea08d46e5184e979c48 in C:\Users\Administrator/.ssh/id_rsa
DEB [20161107-19:52:48.385] thr=4   paramiko.transport: userauth is OK
INF [20161107-19:52:48.394] thr=4   paramiko.transport: Authentication (publickey) failed.
DEB [20161107-19:52:48.415] thr=4   paramiko.transport: userauth is OK
INF [20161107-19:52:48.424] thr=4   paramiko.transport: Authentication (password) successful!
DEB [20161107-19:52:48.430] thr=5   paramiko.transport: [chan 0] Max packet in: 32768 bytes
DEB [20161107-19:52:48.431] thr=4   paramiko.transport: [chan 0] Max packet out: 32768 bytes
DEB [20161107-19:52:48.431] thr=4   paramiko.transport: Secsh channel 0 opened.
DEB [20161107-19:52:48.434] thr=4   paramiko.transport: [chan 0] Sesch channel 0 request ok
DEB [20161107-19:52:48.448] thr=4   paramiko.transport: [chan 0] EOF received (0)
DEB [20161107-19:52:48.450] thr=4   paramiko.transport: [chan 0] EOF sent (0)
DEB [20161107-19:52:48.950] thr=4   paramiko.transport: EOF in transport thread
DEB [20161107-19:52:48.980] thr=6   paramiko.transport: starting thread (client mode): 0x4065b90L
DEB [20161107-19:52:48.982] thr=6   paramiko.transport: Local version/idstring: SSH-2.0-paramiko_2.0.2
DEB [20161107-19:52:48.996] thr=6   paramiko.transport: Remote version/idstring: SSH-2.0-OpenSSH_5.3
INF [20161107-19:52:48.996] thr=6   paramiko.transport: Connected (version 2.0, client OpenSSH_5.3)
DEB [20161107-19:52:48.997] thr=6   paramiko.transport: kex algos:[u'diffie-hellman-group-exchange-sha256', u'diffie-hellman-group-exchange-sha1', u'diffie-hellman-group14-sha1', u'diffie-hellman-group1-sha1'] server key:[u'ssh-rsa', u'ssh-dss'] client encrypt:[u'aes128-ctr', u'aes192-ctr', u'aes256-ctr', u'arcfour256', u'arcfour128', u'aes128-cbc', u'3des-cbc', u'blowfish-cbc', u'cast128-cbc', u'aes192-cbc', u'aes256-cbc', u'arcfour', u'rijndael-cbc@lysator.liu.se'] server encrypt:[u'aes128-ctr', u'aes192-ctr', u'aes256-ctr', u'arcfour256', u'arcfour128', u'aes128-cbc', u'3des-cbc', u'blowfish-cbc', u'cast128-cbc', u'aes192-cbc', u'aes256-cbc', u'arcfour', u'rijndael-cbc@lysator.liu.se'] client mac:[u'hmac-md5', u'hmac-sha1', u'umac-64@openssh.com', u'hmac-sha2-256', u'hmac-sha2-512', u'hmac-ripemd160', u'hmac-ripemd160@openssh.com', u'hmac-sha1-96', u'hmac-md5-96'] server mac:[u'hmac-md5', u'hmac-sha1', u'umac-64@openssh.com', u'hmac-sha2-256', u'hmac-sha2-512', u'hmac-ripemd160', u'hmac-ripemd160@openssh.com', u'hmac-sha1-96', u'hmac-md5-96'] client compress:[u'none', u'zlib@openssh.com'] server compress:[u'none', u'zlib@openssh.com'] client lang:[u''] server lang:[u''] kex follows?False
DEB [20161107-19:52:48.997] thr=6   paramiko.transport: Kex agreed: diffie-hellman-group1-sha1
DEB [20161107-19:52:48.997] thr=6   paramiko.transport: Cipher agreed: aes128-ctr
DEB [20161107-19:52:48.997] thr=6   paramiko.transport: MAC agreed: hmac-sha2-256
DEB [20161107-19:52:48.997] thr=6   paramiko.transport: Compression agreed: none
DEB [20161107-19:52:49.042] thr=6   paramiko.transport: kex engine KexGroup1 specified hash_algo <built-in function openssl_sha1>
DEB [20161107-19:52:49.042] thr=6   paramiko.transport: Switch to new keys ...
DEB [20161107-19:52:49.049] thr=5   paramiko.transport: Trying discovered key 6fbf430a2e4c6ea08d46e5184e979c48 in C:\Users\Administrator/.ssh/id_rsa
DEB [20161107-19:52:49.082] thr=6   paramiko.transport: userauth is OK
INF [20161107-19:52:49.114] thr=6   paramiko.transport: Authentication (publickey) failed.
DEB [20161107-19:52:49.148] thr=6   paramiko.transport: userauth is OK
INF [20161107-19:52:49.155] thr=6   paramiko.transport: Authentication (password) successful!
DEB [20161107-19:52:49.163] thr=5   paramiko.transport: [chan 0] Max packet in: 32768 bytes
DEB [20161107-19:52:49.163] thr=6   paramiko.transport: [chan 0] Max packet out: 32768 bytes
DEB [20161107-19:52:49.164] thr=6   paramiko.transport: Secsh channel 0 opened.
DEB [20161107-19:52:49.165] thr=6   paramiko.transport: [chan 0] Sesch channel 0 request ok
DEB [20161107-19:52:49.178] thr=6   paramiko.transport: [chan 0] EOF received (0)
DEB [20161107-19:52:49.178] thr=6   paramiko.transport: [chan 0] EOF sent (0)
DEB [20161107-19:52:49.279] thr=6   paramiko.transport: EOF in transport thread
