DEB [20161105-15:20:52.506] thr=1   paramiko.transport: starting thread (client mode): 0x2927ab0L
DEB [20161105-15:20:52.507] thr=1   paramiko.transport: Local version/idstring: SSH-2.0-paramiko_2.0.2
DEB [20161105-15:20:52.542] thr=1   paramiko.transport: Remote version/idstring: SSH-2.0-OpenSSH_7.2
INF [20161105-15:20:52.542] thr=1   paramiko.transport: Connected (version 2.0, client OpenSSH_7.2)
DEB [20161105-15:20:52.571] thr=1   paramiko.transport: kex algos:[u'curve25519-sha256@libssh.org', u'ecdh-sha2-nistp256', u'ecdh-sha2-nistp384', u'ecdh-sha2-nistp521', u'diffie-hellman-group-exchange-sha256', u'diffie-hellman-group14-sha1'] server key:[u'ssh-rsa', u'rsa-sha2-512', u'rsa-sha2-256', u'ecdsa-sha2-nistp256', u'ssh-ed25519'] client encrypt:[u'chacha20-poly1305@openssh.com', u'aes128-ctr', u'aes192-ctr', u'aes256-ctr', u'aes128-gcm@openssh.com', u'aes256-gcm@openssh.com'] server encrypt:[u'chacha20-poly1305@openssh.com', u'aes128-ctr', u'aes192-ctr', u'aes256-ctr', u'aes128-gcm@openssh.com', u'aes256-gcm@openssh.com'] client mac:[u'umac-64-etm@openssh.com', u'umac-128-etm@openssh.com', u'hmac-sha2-256-etm@openssh.com', u'hmac-sha2-512-etm@openssh.com', u'hmac-sha1-etm@openssh.com', u'umac-64@openssh.com', u'umac-128@openssh.com', u'hmac-sha2-256', u'hmac-sha2-512', u'hmac-sha1'] server mac:[u'umac-64-etm@openssh.com', u'umac-128-etm@openssh.com', u'hmac-sha2-256-etm@openssh.com', u'hmac-sha2-512-etm@openssh.com', u'hmac-sha1-etm@openssh.com', u'umac-64@openssh.com', u'umac-128@openssh.com', u'hmac-sha2-256', u'hmac-sha2-512', u'hmac-sha1'] client compress:[u'none', u'zlib@openssh.com'] server compress:[u'none', u'zlib@openssh.com'] client lang:[u''] server lang:[u''] kex follows?False
DEB [20161105-15:20:52.571] thr=1   paramiko.transport: Kex agreed: diffie-hellman-group14-sha1
DEB [20161105-15:20:52.572] thr=1   paramiko.transport: Cipher agreed: aes128-ctr
DEB [20161105-15:20:52.572] thr=1   paramiko.transport: MAC agreed: hmac-sha2-256
DEB [20161105-15:20:52.572] thr=1   paramiko.transport: Compression agreed: none
DEB [20161105-15:20:52.782] thr=1   paramiko.transport: kex engine KexGroup14 specified hash_algo <built-in function openssl_sha1>
DEB [20161105-15:20:52.782] thr=1   paramiko.transport: Switch to new keys ...
DEB [20161105-15:20:52.790] thr=2   paramiko.transport: Trying discovered key 2f9e1efd489272b777ed96b47937220f in C:\Users\Administrator/.ssh/id_rsa
DEB [20161105-15:20:52.887] thr=1   paramiko.transport: userauth is OK
INF [20161105-15:20:52.924] thr=1   paramiko.transport: Authentication (publickey) failed.
DEB [20161105-15:20:52.982] thr=1   paramiko.transport: userauth is OK
INF [20161105-15:20:53.020] thr=1   paramiko.transport: Authentication (password) successful!
DEB [20161105-15:20:53.052] thr=2   paramiko.transport: [chan 0] Max packet in: 32768 bytes
DEB [20161105-15:20:53.081] thr=1   paramiko.transport: Received global request "hostkeys-00@openssh.com"
DEB [20161105-15:20:53.082] thr=1   paramiko.transport: Rejecting "hostkeys-00@openssh.com" global request from server.
DEB [20161105-15:20:53.305] thr=1   paramiko.transport: [chan 0] Max packet out: 32768 bytes
DEB [20161105-15:20:53.305] thr=1   paramiko.transport: Secsh channel 0 opened.
DEB [20161105-15:20:53.344] thr=1   paramiko.transport: [chan 0] Sesch channel 0 request ok
DEB [20161105-15:20:53.388] thr=1   paramiko.transport: [chan 0] EOF received (0)
DEB [20161105-15:20:53.388] thr=1   paramiko.transport: [chan 0] EOF sent (0)
DEB [20161105-15:20:53.390] thr=1   paramiko.transport: Dropping user packet because connection is dead.
DEB [20161105-15:20:53.427] thr=3   paramiko.transport: starting thread (client mode): 0x3b80e70L
DEB [20161105-15:20:53.427] thr=3   paramiko.transport: Local version/idstring: SSH-2.0-paramiko_2.0.2
DEB [20161105-15:20:53.464] thr=3   paramiko.transport: Remote version/idstring: SSH-2.0-OpenSSH_7.2
INF [20161105-15:20:53.464] thr=3   paramiko.transport: Connected (version 2.0, client OpenSSH_7.2)
DEB [20161105-15:20:53.500] thr=3   paramiko.transport: kex algos:[u'curve25519-sha256@libssh.org', u'ecdh-sha2-nistp256', u'ecdh-sha2-nistp384', u'ecdh-sha2-nistp521', u'diffie-hellman-group-exchange-sha256', u'diffie-hellman-group14-sha1'] server key:[u'ssh-rsa', u'rsa-sha2-512', u'rsa-sha2-256', u'ecdsa-sha2-nistp256', u'ssh-ed25519'] client encrypt:[u'chacha20-poly1305@openssh.com', u'aes128-ctr', u'aes192-ctr', u'aes256-ctr', u'aes128-gcm@openssh.com', u'aes256-gcm@openssh.com'] server encrypt:[u'chacha20-poly1305@openssh.com', u'aes128-ctr', u'aes192-ctr', u'aes256-ctr', u'aes128-gcm@openssh.com', u'aes256-gcm@openssh.com'] client mac:[u'umac-64-etm@openssh.com', u'umac-128-etm@openssh.com', u'hmac-sha2-256-etm@openssh.com', u'hmac-sha2-512-etm@openssh.com', u'hmac-sha1-etm@openssh.com', u'umac-64@openssh.com', u'umac-128@openssh.com', u'hmac-sha2-256', u'hmac-sha2-512', u'hmac-sha1'] server mac:[u'umac-64-etm@openssh.com', u'umac-128-etm@openssh.com', u'hmac-sha2-256-etm@openssh.com', u'hmac-sha2-512-etm@openssh.com', u'hmac-sha1-etm@openssh.com', u'umac-64@openssh.com', u'umac-128@openssh.com', u'hmac-sha2-256', u'hmac-sha2-512', u'hmac-sha1'] client compress:[u'none', u'zlib@openssh.com'] server compress:[u'none', u'zlib@openssh.com'] client lang:[u''] server lang:[u''] kex follows?False
DEB [20161105-15:20:53.500] thr=3   paramiko.transport: Kex agreed: diffie-hellman-group14-sha1
DEB [20161105-15:20:53.500] thr=3   paramiko.transport: Cipher agreed: aes128-ctr
DEB [20161105-15:20:53.500] thr=3   paramiko.transport: MAC agreed: hmac-sha2-256
DEB [20161105-15:20:53.500] thr=3   paramiko.transport: Compression agreed: none
DEB [20161105-15:20:53.691] thr=3   paramiko.transport: kex engine KexGroup14 specified hash_algo <built-in function openssl_sha1>
DEB [20161105-15:20:53.691] thr=3   paramiko.transport: Switch to new keys ...
DEB [20161105-15:20:53.694] thr=2   paramiko.transport: Trying discovered key 2f9e1efd489272b777ed96b47937220f in C:\Users\Administrator/.ssh/id_rsa
DEB [20161105-15:20:53.809] thr=3   paramiko.transport: userauth is OK
INF [20161105-15:20:53.855] thr=3   paramiko.transport: Authentication (publickey) failed.
DEB [20161105-15:20:53.892] thr=3   paramiko.transport: userauth is OK
INF [20161105-15:20:53.934] thr=3   paramiko.transport: Authentication (password) successful!
DEB [20161105-15:20:53.957] thr=2   paramiko.transport: [chan 0] Max packet in: 32768 bytes
DEB [20161105-15:20:53.993] thr=3   paramiko.transport: Received global request "hostkeys-00@openssh.com"
DEB [20161105-15:20:53.993] thr=3   paramiko.transport: Rejecting "hostkeys-00@openssh.com" global request from server.
DEB [20161105-15:20:54.226] thr=3   paramiko.transport: [chan 0] Max packet out: 32768 bytes
DEB [20161105-15:20:54.226] thr=3   paramiko.transport: Secsh channel 0 opened.
DEB [20161105-15:20:54.292] thr=3   paramiko.transport: [chan 0] Sesch channel 0 request ok
DEB [20161105-15:20:54.341] thr=3   paramiko.transport: [chan 0] EOF received (0)
DEB [20161105-15:20:54.342] thr=3   paramiko.transport: [chan 0] EOF sent (0)
DEB [20161105-15:20:54.447] thr=3   paramiko.transport: EOF in transport thread
