DEB [20161106-01:01:02.055] thr=1   paramiko.transport: starting thread (client mode): 0x42bbb38L
DEB [20161106-01:01:02.055] thr=1   paramiko.transport: Local version/idstring: SSH-2.0-paramiko_2.0.2
DEB [20161106-01:01:02.102] thr=1   paramiko.transport: Remote version/idstring: SSH-2.0-OpenSSH_7.2
INF [20161106-01:01:02.102] thr=1   paramiko.transport: Connected (version 2.0, client OpenSSH_7.2)
DEB [20161106-01:01:02.134] thr=1   paramiko.transport: kex algos:[u'curve25519-sha256@libssh.org', u'ecdh-sha2-nistp256', u'ecdh-sha2-nistp384', u'ecdh-sha2-nistp521', u'diffie-hellman-group-exchange-sha256', u'diffie-hellman-group14-sha1'] server key:[u'ssh-rsa', u'rsa-sha2-512', u'rsa-sha2-256', u'ecdsa-sha2-nistp256', u'ssh-ed25519'] client encrypt:[u'chacha20-poly1305@openssh.com', u'aes128-ctr', u'aes192-ctr', u'aes256-ctr', u'aes128-gcm@openssh.com', u'aes256-gcm@openssh.com'] server encrypt:[u'chacha20-poly1305@openssh.com', u'aes128-ctr', u'aes192-ctr', u'aes256-ctr', u'aes128-gcm@openssh.com', u'aes256-gcm@openssh.com'] client mac:[u'umac-64-etm@openssh.com', u'umac-128-etm@openssh.com', u'hmac-sha2-256-etm@openssh.com', u'hmac-sha2-512-etm@openssh.com', u'hmac-sha1-etm@openssh.com', u'umac-64@openssh.com', u'umac-128@openssh.com', u'hmac-sha2-256', u'hmac-sha2-512', u'hmac-sha1'] server mac:[u'umac-64-etm@openssh.com', u'umac-128-etm@openssh.com', u'hmac-sha2-256-etm@openssh.com', u'hmac-sha2-512-etm@openssh.com', u'hmac-sha1-etm@openssh.com', u'umac-64@openssh.com', u'umac-128@openssh.com', u'hmac-sha2-256', u'hmac-sha2-512', u'hmac-sha1'] client compress:[u'none', u'zlib@openssh.com'] server compress:[u'none', u'zlib@openssh.com'] client lang:[u''] server lang:[u''] kex follows?False
DEB [20161106-01:01:02.134] thr=1   paramiko.transport: Kex agreed: diffie-hellman-group14-sha1
DEB [20161106-01:01:02.134] thr=1   paramiko.transport: Cipher agreed: aes128-ctr
DEB [20161106-01:01:02.134] thr=1   paramiko.transport: MAC agreed: hmac-sha2-256
DEB [20161106-01:01:02.134] thr=1   paramiko.transport: Compression agreed: none
DEB [20161106-01:01:02.227] thr=1   paramiko.transport: kex engine KexGroup14 specified hash_algo <built-in function openssl_sha1>
DEB [20161106-01:01:02.227] thr=1   paramiko.transport: Switch to new keys ...
DEB [20161106-01:01:02.243] thr=2   paramiko.transport: Trying discovered key 97c35464b11a6c6041f60536a6207aca in C:\Users\Administrator/.ssh/id_rsa
DEB [20161106-01:01:02.336] thr=1   paramiko.transport: userauth is OK
INF [20161106-01:01:02.384] thr=1   paramiko.transport: Auth banner: Welcome to SUSE Linux Enterprise Server 11 SP3  (x86_64) - Kernel %r (%t).

INF [20161106-01:01:02.384] thr=1   paramiko.transport: Authentication (publickey) failed.
DEB [20161106-01:01:02.430] thr=1   paramiko.transport: userauth is OK
INF [20161106-01:01:02.477] thr=1   paramiko.transport: Authentication (password) successful!
DEB [20161106-01:01:02.493] thr=2   paramiko.transport: [chan 0] Max packet in: 32768 bytes
DEB [20161106-01:01:02.525] thr=1   paramiko.transport: Received global request "hostkeys-00@openssh.com"
DEB [20161106-01:01:02.525] thr=1   paramiko.transport: Rejecting "hostkeys-00@openssh.com" global request from server.
DEB [20161106-01:01:02.586] thr=1   paramiko.transport: [chan 0] Max packet out: 32768 bytes
DEB [20161106-01:01:02.586] thr=1   paramiko.transport: Secsh channel 0 opened.
DEB [20161106-01:01:02.634] thr=1   paramiko.transport: [chan 0] Sesch channel 0 request ok
DEB [20161106-01:01:02.680] thr=1   paramiko.transport: [chan 0] EOF received (0)
DEB [20161106-01:01:02.727] thr=3   paramiko.transport: starting thread (client mode): 0x434fa58L
DEB [20161106-01:01:02.727] thr=3   paramiko.transport: Local version/idstring: SSH-2.0-paramiko_2.0.2
DEB [20161106-01:01:02.775] thr=3   paramiko.transport: Remote version/idstring: SSH-2.0-OpenSSH_7.2
INF [20161106-01:01:02.775] thr=3   paramiko.transport: Connected (version 2.0, client OpenSSH_7.2)
DEB [20161106-01:01:02.822] thr=3   paramiko.transport: kex algos:[u'curve25519-sha256@libssh.org', u'ecdh-sha2-nistp256', u'ecdh-sha2-nistp384', u'ecdh-sha2-nistp521', u'diffie-hellman-group-exchange-sha256', u'diffie-hellman-group14-sha1'] server key:[u'ssh-rsa', u'rsa-sha2-512', u'rsa-sha2-256', u'ecdsa-sha2-nistp256', u'ssh-ed25519'] client encrypt:[u'chacha20-poly1305@openssh.com', u'aes128-ctr', u'aes192-ctr', u'aes256-ctr', u'aes128-gcm@openssh.com', u'aes256-gcm@openssh.com'] server encrypt:[u'chacha20-poly1305@openssh.com', u'aes128-ctr', u'aes192-ctr', u'aes256-ctr', u'aes128-gcm@openssh.com', u'aes256-gcm@openssh.com'] client mac:[u'umac-64-etm@openssh.com', u'umac-128-etm@openssh.com', u'hmac-sha2-256-etm@openssh.com', u'hmac-sha2-512-etm@openssh.com', u'hmac-sha1-etm@openssh.com', u'umac-64@openssh.com', u'umac-128@openssh.com', u'hmac-sha2-256', u'hmac-sha2-512', u'hmac-sha1'] server mac:[u'umac-64-etm@openssh.com', u'umac-128-etm@openssh.com', u'hmac-sha2-256-etm@openssh.com', u'hmac-sha2-512-etm@openssh.com', u'hmac-sha1-etm@openssh.com', u'umac-64@openssh.com', u'umac-128@openssh.com', u'hmac-sha2-256', u'hmac-sha2-512', u'hmac-sha1'] client compress:[u'none', u'zlib@openssh.com'] server compress:[u'none', u'zlib@openssh.com'] client lang:[u''] server lang:[u''] kex follows?False
DEB [20161106-01:01:02.822] thr=3   paramiko.transport: Kex agreed: diffie-hellman-group14-sha1
DEB [20161106-01:01:02.822] thr=3   paramiko.transport: Cipher agreed: aes128-ctr
DEB [20161106-01:01:02.822] thr=3   paramiko.transport: MAC agreed: hmac-sha2-256
DEB [20161106-01:01:02.822] thr=3   paramiko.transport: Compression agreed: none
DEB [20161106-01:01:02.900] thr=3   paramiko.transport: kex engine KexGroup14 specified hash_algo <built-in function openssl_sha1>
DEB [20161106-01:01:02.900] thr=3   paramiko.transport: Switch to new keys ...
DEB [20161106-01:01:02.914] thr=2   paramiko.transport: Trying discovered key 97c35464b11a6c6041f60536a6207aca in C:\Users\Administrator/.ssh/id_rsa
DEB [20161106-01:01:03.009] thr=3   paramiko.transport: userauth is OK
INF [20161106-01:01:03.055] thr=3   paramiko.transport: Authentication (publickey) failed.
DEB [20161106-01:01:03.102] thr=3   paramiko.transport: userauth is OK
INF [20161106-01:01:03.134] thr=3   paramiko.transport: Authentication (password) successful!
DEB [20161106-01:01:03.164] thr=2   paramiko.transport: [chan 0] Max packet in: 32768 bytes
DEB [20161106-01:01:03.197] thr=3   paramiko.transport: Received global request "hostkeys-00@openssh.com"
DEB [20161106-01:01:03.197] thr=3   paramiko.transport: Rejecting "hostkeys-00@openssh.com" global request from server.
DEB [20161106-01:01:03.259] thr=3   paramiko.transport: [chan 0] Max packet out: 32768 bytes
DEB [20161106-01:01:03.259] thr=3   paramiko.transport: Secsh channel 0 opened.
DEB [20161106-01:01:03.305] thr=3   paramiko.transport: [chan 0] Sesch channel 0 request ok
DEB [20161106-01:01:03.384] thr=3   paramiko.transport: [chan 0] EOF received (0)
DEB [20161106-01:01:03.384] thr=3   paramiko.transport: [chan 0] EOF sent (0)
DEB [20161106-01:01:03.493] thr=3   paramiko.transport: EOF in transport thread
