DEB [20161105-18:16:32.358] thr=1   paramiko.transport: starting thread (client mode): 0x276a5f0L
DEB [20161105-18:16:32.358] thr=1   paramiko.transport: Local version/idstring: SSH-2.0-paramiko_2.0.2
DEB [20161105-18:16:32.395] thr=1   paramiko.transport: Remote version/idstring: SSH-2.0-OpenSSH_7.2
INF [20161105-18:16:32.395] thr=1   paramiko.transport: Connected (version 2.0, client OpenSSH_7.2)
DEB [20161105-18:16:32.430] thr=1   paramiko.transport: kex algos:[u'curve25519-sha256@libssh.org', u'ecdh-sha2-nistp256', u'ecdh-sha2-nistp384', u'ecdh-sha2-nistp521', u'diffie-hellman-group-exchange-sha256', u'diffie-hellman-group14-sha1'] server key:[u'ssh-rsa', u'rsa-sha2-512', u'rsa-sha2-256', u'ecdsa-sha2-nistp256', u'ssh-ed25519'] client encrypt:[u'chacha20-poly1305@openssh.com', u'aes128-ctr', u'aes192-ctr', u'aes256-ctr', u'aes128-gcm@openssh.com', u'aes256-gcm@openssh.com'] server encrypt:[u'chacha20-poly1305@openssh.com', u'aes128-ctr', u'aes192-ctr', u'aes256-ctr', u'aes128-gcm@openssh.com', u'aes256-gcm@openssh.com'] client mac:[u'umac-64-etm@openssh.com', u'umac-128-etm@openssh.com', u'hmac-sha2-256-etm@openssh.com', u'hmac-sha2-512-etm@openssh.com', u'hmac-sha1-etm@openssh.com', u'umac-64@openssh.com', u'umac-128@openssh.com', u'hmac-sha2-256', u'hmac-sha2-512', u'hmac-sha1'] server mac:[u'umac-64-etm@openssh.com', u'umac-128-etm@openssh.com', u'hmac-sha2-256-etm@openssh.com', u'hmac-sha2-512-etm@openssh.com', u'hmac-sha1-etm@openssh.com', u'umac-64@openssh.com', u'umac-128@openssh.com', u'hmac-sha2-256', u'hmac-sha2-512', u'hmac-sha1'] client compress:[u'none', u'zlib@openssh.com'] server compress:[u'none', u'zlib@openssh.com'] client lang:[u''] server lang:[u''] kex follows?False
DEB [20161105-18:16:32.430] thr=1   paramiko.transport: Kex agreed: diffie-hellman-group14-sha1
DEB [20161105-18:16:32.430] thr=1   paramiko.transport: Cipher agreed: aes128-ctr
DEB [20161105-18:16:32.430] thr=1   paramiko.transport: MAC agreed: hmac-sha2-256
DEB [20161105-18:16:32.430] thr=1   paramiko.transport: Compression agreed: none
DEB [20161105-18:16:32.638] thr=1   paramiko.transport: kex engine KexGroup14 specified hash_algo <built-in function openssl_sha1>
DEB [20161105-18:16:32.638] thr=1   paramiko.transport: Switch to new keys ...
DEB [20161105-18:16:32.647] thr=2   paramiko.transport: Trying discovered key 6fbf430a2e4c6ea08d46e5184e979c48 in C:\Users\Administrator/.ssh/id_rsa
DEB [20161105-18:16:32.743] thr=1   paramiko.transport: userauth is OK
INF [20161105-18:16:32.782] thr=1   paramiko.transport: Authentication (publickey) failed.
DEB [20161105-18:16:32.842] thr=1   paramiko.transport: userauth is OK
INF [20161105-18:16:32.878] thr=1   paramiko.transport: Authentication (password) successful!
DEB [20161105-18:16:32.908] thr=2   paramiko.transport: [chan 0] Max packet in: 32768 bytes
DEB [20161105-18:16:32.940] thr=1   paramiko.transport: Received global request "hostkeys-00@openssh.com"
DEB [20161105-18:16:32.940] thr=1   paramiko.transport: Rejecting "hostkeys-00@openssh.com" global request from server.
DEB [20161105-18:16:33.167] thr=1   paramiko.transport: [chan 0] Max packet out: 32768 bytes
DEB [20161105-18:16:33.167] thr=1   paramiko.transport: Secsh channel 0 opened.
DEB [20161105-18:16:33.204] thr=1   paramiko.transport: [chan 0] Sesch channel 0 request ok
DEB [20161105-18:16:33.252] thr=1   paramiko.transport: [chan 0] EOF received (0)
DEB [20161105-18:16:33.253] thr=1   paramiko.transport: [chan 0] EOF sent (0)
DEB [20161105-18:16:33.255] thr=1   paramiko.transport: EOF in transport thread
DEB [20161105-18:16:33.293] thr=3   paramiko.transport: starting thread (client mode): 0x3ae08b0L
DEB [20161105-18:16:33.295] thr=3   paramiko.transport: Local version/idstring: SSH-2.0-paramiko_2.0.2
DEB [20161105-18:16:33.329] thr=3   paramiko.transport: Remote version/idstring: SSH-2.0-OpenSSH_7.2
INF [20161105-18:16:33.331] thr=3   paramiko.transport: Connected (version 2.0, client OpenSSH_7.2)
DEB [20161105-18:16:33.365] thr=3   paramiko.transport: kex algos:[u'curve25519-sha256@libssh.org', u'ecdh-sha2-nistp256', u'ecdh-sha2-nistp384', u'ecdh-sha2-nistp521', u'diffie-hellman-group-exchange-sha256', u'diffie-hellman-group14-sha1'] server key:[u'ssh-rsa', u'rsa-sha2-512', u'rsa-sha2-256', u'ecdsa-sha2-nistp256', u'ssh-ed25519'] client encrypt:[u'chacha20-poly1305@openssh.com', u'aes128-ctr', u'aes192-ctr', u'aes256-ctr', u'aes128-gcm@openssh.com', u'aes256-gcm@openssh.com'] server encrypt:[u'chacha20-poly1305@openssh.com', u'aes128-ctr', u'aes192-ctr', u'aes256-ctr', u'aes128-gcm@openssh.com', u'aes256-gcm@openssh.com'] client mac:[u'umac-64-etm@openssh.com', u'umac-128-etm@openssh.com', u'hmac-sha2-256-etm@openssh.com', u'hmac-sha2-512-etm@openssh.com', u'hmac-sha1-etm@openssh.com', u'umac-64@openssh.com', u'umac-128@openssh.com', u'hmac-sha2-256', u'hmac-sha2-512', u'hmac-sha1'] server mac:[u'umac-64-etm@openssh.com', u'umac-128-etm@openssh.com', u'hmac-sha2-256-etm@openssh.com', u'hmac-sha2-512-etm@openssh.com', u'hmac-sha1-etm@openssh.com', u'umac-64@openssh.com', u'umac-128@openssh.com', u'hmac-sha2-256', u'hmac-sha2-512', u'hmac-sha1'] client compress:[u'none', u'zlib@openssh.com'] server compress:[u'none', u'zlib@openssh.com'] client lang:[u''] server lang:[u''] kex follows?False
DEB [20161105-18:16:33.365] thr=3   paramiko.transport: Kex agreed: diffie-hellman-group14-sha1
DEB [20161105-18:16:33.365] thr=3   paramiko.transport: Cipher agreed: aes128-ctr
DEB [20161105-18:16:33.365] thr=3   paramiko.transport: MAC agreed: hmac-sha2-256
DEB [20161105-18:16:33.365] thr=3   paramiko.transport: Compression agreed: none
DEB [20161105-18:16:33.584] thr=3   paramiko.transport: kex engine KexGroup14 specified hash_algo <built-in function openssl_sha1>
DEB [20161105-18:16:33.585] thr=3   paramiko.transport: Switch to new keys ...
DEB [20161105-18:16:33.586] thr=2   paramiko.transport: Trying discovered key 6fbf430a2e4c6ea08d46e5184e979c48 in C:\Users\Administrator/.ssh/id_rsa
DEB [20161105-18:16:33.687] thr=3   paramiko.transport: userauth is OK
INF [20161105-18:16:33.734] thr=3   paramiko.transport: Authentication (publickey) failed.
DEB [20161105-18:16:33.796] thr=3   paramiko.transport: userauth is OK
INF [20161105-18:16:33.842] thr=3   paramiko.transport: Authentication (password) successful!
DEB [20161105-18:16:33.849] thr=2   paramiko.transport: [chan 0] Max packet in: 32768 bytes
DEB [20161105-18:16:33.881] thr=3   paramiko.transport: Received global request "hostkeys-00@openssh.com"
DEB [20161105-18:16:33.881] thr=3   paramiko.transport: Rejecting "hostkeys-00@openssh.com" global request from server.
DEB [20161105-18:16:34.112] thr=3   paramiko.transport: [chan 0] Max packet out: 32768 bytes
DEB [20161105-18:16:34.112] thr=3   paramiko.transport: Secsh channel 0 opened.
DEB [20161105-18:16:34.144] thr=3   paramiko.transport: [chan 0] Sesch channel 0 request ok
DEB [20161105-18:16:34.190] thr=3   paramiko.transport: [chan 0] EOF received (0)
DEB [20161105-18:16:34.190] thr=3   paramiko.transport: [chan 0] EOF sent (0)
DEB [20161105-18:16:34.295] thr=3   paramiko.transport: EOF in transport thread
